# JRE version: Java(TM) SE Runtime Environment (8.0_181-b13) (build 1.8.0_181-b13)
# Java VM: Java HotSpot(TM) 64-Bit Server VM (25.181-b13 mixed mode windows-amd64 compressed oops)
Heap:
 PSYoungGen      total 1389568K, used 137854K [0x000000076ab00000, 0x00000007c0000000, 0x00000007c0000000)
  eden space 1381376K, 9% used [0x000000076ab00000,0x0000000772ee7b08,0x00000007bf000000)
  from space 8192K, 33% used [0x00000007bf800000,0x00000007bfab8000,0x00000007c0000000)
  to   space 8192K, 0% used [0x00000007bf000000,0x00000007bf000000,0x00000007bf800000)
 ParOldGen       total 2796544K, used 476592K [0x00000006c0000000, 0x000000076ab00000, 0x000000076ab00000)
  object space 2796544K, 17% used [0x00000006c0000000,0x00000006dd16c3a8,0x000000076ab00000)
 Metaspace       used 58414K, capacity 62286K, committed 62464K, reserved 1103872K
  class space    used 7776K, capacity 8701K, committed 8704K, reserved 1048576K
GC Heap History (10 events):
Event: 385418.839 GC heap before
{Heap before GC invocations=493 (full 3):
 PSYoungGen      total 1389056K, used 1388704K [0x000000076ab00000, 0x00000007c0000000, 0x00000007c0000000)
  eden space 1382400K, 100% used [0x000000076ab00000,0x00000007bf100000,0x00000007bf100000)
  from space 6656K, 94% used [0x00000007bf100000,0x00000007bf728000,0x00000007bf780000)
  to   space 8192K, 0% used [0x00000007bf800000,0x00000007bf800000,0x00000007c0000000)
 ParOldGen       total 2796544K, used 476592K [0x00000006c0000000, 0x000000076ab00000, 0x000000076ab00000)
  object space 2796544K, 17% used [0x00000006c0000000,0x00000006dd16c3a8,0x000000076ab00000)
 Metaspace       used 58414K, capacity 62286K, committed 62464K, reserved 1103872K
  class space    used 7776K, capacity 8701K, committed 8704K, reserved 1048576K
Event: 385418.849 GC heap after
Heap after GC invocations=493 (full 3):
 PSYoungGen      total 1389568K, used 1984K [0x000000076ab00000, 0x00000007c0000000, 0x00000007c0000000)
  eden space 1381376K, 0% used [0x000000076ab00000,0x000000076ab00000,0x00000007bf000000)
  from space 8192K, 24% used [0x00000007bf800000,0x00000007bf9f0000,0x00000007c0000000)
  to   space 8192K, 0% used [0x00000007bf000000,0x00000007bf000000,0x00000007bf800000)
 ParOldGen       total 2796544K, used 476592K [0x00000006c0000000, 0x000000076ab00000, 0x000000076ab00000)
  object space 2796544K, 17% used [0x00000006c0000000,0x00000006dd16c3a8,0x000000076ab00000)
 Metaspace       used 58414K, capacity 62286K, committed 62464K, reserved 1103872K
  class space    used 7776K, capacity 8701K, committed 8704K, reserved 1048576K
}
Event: 389034.977 GC heap before
{Heap before GC invocations=494 (full 3):
 PSYoungGen      total 1389568K, used 1383360K [0x000000076ab00000, 0x00000007c0000000, 0x00000007c0000000)
  eden space 1381376K, 100% used [0x000000076ab00000,0x00000007bf000000,0x00000007bf000000)
  from space 8192K, 24% used [0x00000007bf800000,0x00000007bf9f0000,0x00000007c0000000)
  to   space 8192K, 0% used [0x00000007bf000000,0x00000007bf000000,0x00000007bf800000)
 ParOldGen       total 2796544K, used 476592K [0x00000006c0000000, 0x000000076ab00000, 0x000000076ab00000)
  object space 2796544K, 17% used [0x00000006c0000000,0x00000006dd16c3a8,0x000000076ab00000)
 Metaspace       used 58414K, capacity 62286K, committed 62464K, reserved 1103872K
  class space    used 7776K, capacity 8701K, committed 8704K, reserved 1048576K
Event: 389034.988 GC heap after
Heap after GC invocations=494 (full 3):
 PSYoungGen      total 1389568K, used 1984K [0x000000076ab00000, 0x00000007c0000000, 0x00000007c0000000)
  eden space 1381376K, 0% used [0x000000076ab00000,0x000000076ab00000,0x00000007bf000000)
  from space 8192K, 24% used [0x00000007bf000000,0x00000007bf1f0000,0x00000007bf800000)
  to   space 8192K, 0% used [0x00000007bf800000,0x00000007bf800000,0x00000007c0000000)
 ParOldGen       total 2796544K, used 476592K [0x00000006c0000000, 0x000000076ab00000, 0x000000076ab00000)
  object space 2796544K, 17% used [0x00000006c0000000,0x00000006dd16c3a8,0x000000076ab00000)
 Metaspace       used 58414K, capacity 62286K, committed 62464K, reserved 1103872K
  class space    used 7776K, capacity 8701K, committed 8704K, reserved 1048576K
}
Event: 392639.304 GC heap before
{Heap before GC invocations=495 (full 3):
 PSYoungGen      total 1389568K, used 1383360K [0x000000076ab00000, 0x00000007c0000000, 0x00000007c0000000)
  eden space 1381376K, 100% used [0x000000076ab00000,0x00000007bf000000,0x00000007bf000000)
  from space 8192K, 24% used [0x00000007bf000000,0x00000007bf1f0000,0x00000007bf800000)
  to   space 8192K, 0% used [0x00000007bf800000,0x00000007bf800000,0x00000007c0000000)
 ParOldGen       total 2796544K, used 476592K [0x00000006c0000000, 0x000000076ab00000, 0x000000076ab00000)
  object space 2796544K, 17% used [0x00000006c0000000,0x00000006dd16c3a8,0x000000076ab00000)
 Metaspace       used 58414K, capacity 62286K, committed 62464K, reserved 1103872K
  class space    used 7776K, capacity 8701K, committed 8704K, reserved 1048576K
Event: 392639.315 GC heap after
Heap after GC invocations=495 (full 3):
 PSYoungGen      total 1390080K, used 3808K [0x000000076ab00000, 0x00000007c0000000, 0x00000007c0000000)
  eden space 1381888K, 0% used [0x000000076ab00000,0x000000076ab00000,0x00000007bf080000)
  from space 8192K, 46% used [0x00000007bf800000,0x00000007bfbb8000,0x00000007c0000000)
  to   space 7680K, 0% used [0x00000007bf080000,0x00000007bf080000,0x00000007bf800000)
 ParOldGen       total 2796544K, used 476592K [0x00000006c0000000, 0x000000076ab00000, 0x000000076ab00000)
  object space 2796544K, 17% used [0x00000006c0000000,0x00000006dd16c3a8,0x000000076ab00000)
 Metaspace       used 58414K, capacity 62286K, committed 62464K, reserved 1103872K
  class space    used 7776K, capacity 8701K, committed 8704K, reserved 1048576K
}
Event: 396239.463 GC heap before
{Heap before GC invocations=496 (full 3):
 PSYoungGen      total 1390080K, used 1385696K [0x000000076ab00000, 0x00000007c0000000, 0x00000007c0000000)
  eden space 1381888K, 100% used [0x000000076ab00000,0x00000007bf080000,0x00000007bf080000)
  from space 8192K, 46% used [0x00000007bf800000,0x00000007bfbb8000,0x00000007c0000000)
  to   space 7680K, 0% used [0x00000007bf080000,0x00000007bf080000,0x00000007bf800000)
 ParOldGen       total 2796544K, used 476592K [0x00000006c0000000, 0x000000076ab00000, 0x000000076ab00000)
  object space 2796544K, 17% used [0x00000006c0000000,0x00000006dd16c3a8,0x000000076ab00000)
 Metaspace       used 58414K, capacity 62286K, committed 62464K, reserved 1103872K
  class space    used 7776K, capacity 8701K, committed 8704K, reserved 1048576K
Event: 396239.475 GC heap after
Heap after GC invocations=496 (full 3):
 PSYoungGen      total 1389568K, used 6048K [0x000000076ab00000, 0x00000007c0000000, 0x00000007c0000000)
  eden space 1381888K, 0% used [0x000000076ab00000,0x000000076ab00000,0x00000007bf080000)
  from space 7680K, 78% used [0x00000007bf080000,0x00000007bf668000,0x00000007bf800000)
  to   space 8192K, 0% used [0x00000007bf800000,0x00000007bf800000,0x00000007c0000000)
 ParOldGen       total 2796544K, used 476592K [0x00000006c0000000, 0x000000076ab00000, 0x000000076ab00000)
  object space 2796544K, 17% used [0x00000006c0000000,0x00000006dd16c3a8,0x000000076ab00000)
 Metaspace       used 58414K, capacity 62286K, committed 62464K, reserved 1103872K
  class space    used 7776K, capacity 8701K, committed 8704K, reserved 1048576K
}
Event: 399839.947 GC heap before
{Heap before GC invocations=497 (full 3):
 PSYoungGen      total 1389568K, used 1387936K [0x000000076ab00000, 0x00000007c0000000, 0x00000007c0000000)
  eden space 1381888K, 100% used [0x000000076ab00000,0x00000007bf080000,0x00000007bf080000)
  from space 7680K, 78% used [0x00000007bf080000,0x00000007bf668000,0x00000007bf800000)
  to   space 8192K, 0% used [0x00000007bf800000,0x00000007bf800000,0x00000007c0000000)
 ParOldGen       total 2796544K, used 476592K [0x00000006c0000000, 0x000000076ab00000, 0x000000076ab00000)
  object space 2796544K, 17% used [0x00000006c0000000,0x00000006dd16c3a8,0x000000076ab00000)
 Metaspace       used 58414K, capacity 62286K, committed 62464K, reserved 1103872K
  class space    used 7776K, capacity 8701K, committed 8704K, reserved 1048576K
Event: 399839.958 GC heap after
Heap after GC invocations=497 (full 3):
 PSYoungGen      total 1389568K, used 2784K [0x000000076ab00000, 0x00000007c0000000, 0x00000007c0000000)
  eden space 1381376K, 0% used [0x000000076ab00000,0x000000076ab00000,0x00000007bf000000)
  from space 8192K, 33% used [0x00000007bf800000,0x00000007bfab8000,0x00000007c0000000)
  to   space 8192K, 0% used [0x00000007bf000000,0x00000007bf000000,0x00000007bf800000)
 ParOldGen       total 2796544K, used 476592K [0x00000006c0000000, 0x000000076ab00000, 0x000000076ab00000)
  object space 2796544K, 17% used [0x00000006c0000000,0x00000006dd16c3a8,0x000000076ab00000)
 Metaspace       used 58414K, capacity 62286K, committed 62464K, reserved 1103872K
  class space    used 7776K, capacity 8701K, committed 8704K, reserved 1048576K
}

