# JRE version: Java(TM) SE Runtime Environment (8.0_181-b13) (build 1.8.0_181-b13)
# Java VM: Java HotSpot(TM) 64-Bit Server VM (25.181-b13 mixed mode windows-amd64 compressed oops)
Heap:
 PSYoungGen      total 674816K, used 458037K [0x00000000d5580000, 0x0000000100000000, 0x0000000100000000)
  eden space 650752K, 67% used [0x00000000d5580000,0x00000000f044c050,0x00000000fd100000)
  from space 24064K, 70% used [0x00000000fe880000,0x00000000ff9016a8,0x0000000100000000)
  to   space 24064K, 0% used [0x00000000fd100000,0x00000000fd100000,0x00000000fe880000)
 ParOldGen       total 1398272K, used 796271K [0x0000000080000000, 0x00000000d5580000, 0x00000000d5580000)
  object space 1398272K, 56% used [0x0000000080000000,0x00000000b099bec8,0x00000000d5580000)
 Metaspace       used 59859K, capacity 63516K, committed 63744K, reserved 1103872K
  class space    used 7786K, capacity 8664K, committed 8704K, reserved 1048576K
GC Heap History (10 events):
Event: 182190.021 GC heap before
{Heap before GC invocations=4137 (full 7):
 PSYoungGen      total 672256K, used 662815K [0x00000000d5580000, 0x0000000100000000, 0x0000000100000000)
  eden space 645632K, 100% used [0x00000000d5580000,0x00000000fcc00000,0x00000000fcc00000)
  from space 26624K, 64% used [0x00000000fcc00000,0x00000000fdcc7c80,0x00000000fe600000)
  to   space 26112K, 0% used [0x00000000fe680000,0x00000000fe680000,0x0000000100000000)
 ParOldGen       total 1398272K, used 792607K [0x0000000080000000, 0x00000000d5580000, 0x00000000d5580000)
  object space 1398272K, 56% used [0x0000000080000000,0x00000000b0607ec8,0x00000000d5580000)
 Metaspace       used 59859K, capacity 63516K, committed 63744K, reserved 1103872K
  class space    used 7786K, capacity 8664K, committed 8704K, reserved 1048576K
Event: 182190.030 GC heap after
Heap after GC invocations=4137 (full 7):
 PSYoungGen      total 673280K, used 18310K [0x00000000d5580000, 0x0000000100000000, 0x0000000100000000)
  eden space 647168K, 0% used [0x00000000d5580000,0x00000000d5580000,0x00000000fcd80000)
  from space 26112K, 70% used [0x00000000fe680000,0x00000000ff861930,0x0000000100000000)
  to   space 25600K, 0% used [0x00000000fcd80000,0x00000000fcd80000,0x00000000fe680000)
 ParOldGen       total 1398272K, used 794463K [0x0000000080000000, 0x00000000d5580000, 0x00000000d5580000)
  object space 1398272K, 56% used [0x0000000080000000,0x00000000b07d7ec8,0x00000000d5580000)
 Metaspace       used 59859K, capacity 63516K, committed 63744K, reserved 1103872K
  class space    used 7786K, capacity 8664K, committed 8704K, reserved 1048576K
}
Event: 182206.420 GC heap before
{Heap before GC invocations=4138 (full 7):
 PSYoungGen      total 673280K, used 665478K [0x00000000d5580000, 0x0000000100000000, 0x0000000100000000)
  eden space 647168K, 100% used [0x00000000d5580000,0x00000000fcd80000,0x00000000fcd80000)
  from space 26112K, 70% used [0x00000000fe680000,0x00000000ff861930,0x0000000100000000)
  to   space 25600K, 0% used [0x00000000fcd80000,0x00000000fcd80000,0x00000000fe680000)
 ParOldGen       total 1398272K, used 794463K [0x0000000080000000, 0x00000000d5580000, 0x00000000d5580000)
  object space 1398272K, 56% used [0x0000000080000000,0x00000000b07d7ec8,0x00000000d5580000)
 Metaspace       used 59859K, capacity 63516K, committed 63744K, reserved 1103872K
  class space    used 7786K, capacity 8664K, committed 8704K, reserved 1048576K
Event: 182206.428 GC heap after
Heap after GC invocations=4138 (full 7):
 PSYoungGen      total 672768K, used 17414K [0x00000000d5580000, 0x0000000100000000, 0x0000000100000000)
  eden space 647168K, 0% used [0x00000000d5580000,0x00000000d5580000,0x00000000fcd80000)
  from space 25600K, 68% used [0x00000000fcd80000,0x00000000fde81930,0x00000000fe680000)
  to   space 25088K, 0% used [0x00000000fe780000,0x00000000fe780000,0x0000000100000000)
 ParOldGen       total 1398272K, used 794791K [0x0000000080000000, 0x00000000d5580000, 0x00000000d5580000)
  object space 1398272K, 56% used [0x0000000080000000,0x00000000b0829ec8,0x00000000d5580000)
 Metaspace       used 59859K, capacity 63516K, committed 63744K, reserved 1103872K
  class space    used 7786K, capacity 8664K, committed 8704K, reserved 1048576K
}
Event: 182221.212 GC heap before
{Heap before GC invocations=4139 (full 7):
 PSYoungGen      total 672768K, used 664582K [0x00000000d5580000, 0x0000000100000000, 0x0000000100000000)
  eden space 647168K, 100% used [0x00000000d5580000,0x00000000fcd80000,0x00000000fcd80000)
  from space 25600K, 68% used [0x00000000fcd80000,0x00000000fde81930,0x00000000fe680000)
  to   space 25088K, 0% used [0x00000000fe780000,0x00000000fe780000,0x0000000100000000)
 ParOldGen       total 1398272K, used 794791K [0x0000000080000000, 0x00000000d5580000, 0x00000000d5580000)
  object space 1398272K, 56% used [0x0000000080000000,0x00000000b0829ec8,0x00000000d5580000)
 Metaspace       used 59859K, capacity 63516K, committed 63744K, reserved 1103872K
  class space    used 7786K, capacity 8664K, committed 8704K, reserved 1048576K
Event: 182221.221 GC heap after
Heap after GC invocations=4139 (full 7):
 PSYoungGen      total 674304K, used 18726K [0x00000000d5580000, 0x0000000100000000, 0x0000000100000000)
  eden space 649216K, 0% used [0x00000000d5580000,0x00000000d5580000,0x00000000fcf80000)
  from space 25088K, 74% used [0x00000000fe780000,0x00000000ff9c98b8,0x0000000100000000)
  to   space 24576K, 0% used [0x00000000fcf80000,0x00000000fcf80000,0x00000000fe780000)
 ParOldGen       total 1398272K, used 794903K [0x0000000080000000, 0x00000000d5580000, 0x00000000d5580000)
  object space 1398272K, 56% used [0x0000000080000000,0x00000000b0845ec8,0x00000000d5580000)
 Metaspace       used 59859K, capacity 63516K, committed 63744K, reserved 1103872K
  class space    used 7786K, capacity 8664K, committed 8704K, reserved 1048576K
}
Event: 182234.359 GC heap before
{Heap before GC invocations=4140 (full 7):
 PSYoungGen      total 674304K, used 667942K [0x00000000d5580000, 0x0000000100000000, 0x0000000100000000)
  eden space 649216K, 100% used [0x00000000d5580000,0x00000000fcf80000,0x00000000fcf80000)
  from space 25088K, 74% used [0x00000000fe780000,0x00000000ff9c98b8,0x0000000100000000)
  to   space 24576K, 0% used [0x00000000fcf80000,0x00000000fcf80000,0x00000000fe780000)
 ParOldGen       total 1398272K, used 794903K [0x0000000080000000, 0x00000000d5580000, 0x00000000d5580000)
  object space 1398272K, 56% used [0x0000000080000000,0x00000000b0845ec8,0x00000000d5580000)
 Metaspace       used 59859K, capacity 63516K, committed 63744K, reserved 1103872K
  class space    used 7786K, capacity 8664K, committed 8704K, reserved 1048576K
Event: 182234.368 GC heap after
Heap after GC invocations=4140 (full 7):
 PSYoungGen      total 673792K, used 17989K [0x00000000d5580000, 0x0000000100000000, 0x0000000100000000)
  eden space 649216K, 0% used [0x00000000d5580000,0x00000000d5580000,0x00000000fcf80000)
  from space 24576K, 73% used [0x00000000fcf80000,0x00000000fe1116a8,0x00000000fe780000)
  to   space 24064K, 0% used [0x00000000fe880000,0x00000000fe880000,0x0000000100000000)
 ParOldGen       total 1398272K, used 795199K [0x0000000080000000, 0x00000000d5580000, 0x00000000d5580000)
  object space 1398272K, 56% used [0x0000000080000000,0x00000000b088fec8,0x00000000d5580000)
 Metaspace       used 59859K, capacity 63516K, committed 63744K, reserved 1103872K
  class space    used 7786K, capacity 8664K, committed 8704K, reserved 1048576K
}
Event: 182247.819 GC heap before
{Heap before GC invocations=4141 (full 7):
 PSYoungGen      total 673792K, used 667205K [0x00000000d5580000, 0x0000000100000000, 0x0000000100000000)
  eden space 649216K, 100% used [0x00000000d5580000,0x00000000fcf80000,0x00000000fcf80000)
  from space 24576K, 73% used [0x00000000fcf80000,0x00000000fe1116a8,0x00000000fe780000)
  to   space 24064K, 0% used [0x00000000fe880000,0x00000000fe880000,0x0000000100000000)
 ParOldGen       total 1398272K, used 795199K [0x0000000080000000, 0x00000000d5580000, 0x00000000d5580000)
  object space 1398272K, 56% used [0x0000000080000000,0x00000000b088fec8,0x00000000d5580000)
 Metaspace       used 59859K, capacity 63516K, committed 63744K, reserved 1103872K
  class space    used 7786K, capacity 8664K, committed 8704K, reserved 1048576K
Event: 182247.828 GC heap after
Heap after GC invocations=4141 (full 7):
 PSYoungGen      total 674816K, used 16901K [0x00000000d5580000, 0x0000000100000000, 0x0000000100000000)
  eden space 650752K, 0% used [0x00000000d5580000,0x00000000d5580000,0x00000000fd100000)
  from space 24064K, 70% used [0x00000000fe880000,0x00000000ff9016a8,0x0000000100000000)
  to   space 24064K, 0% used [0x00000000fd100000,0x00000000fd100000,0x00000000fe880000)
 ParOldGen       total 1398272K, used 796271K [0x0000000080000000, 0x00000000d5580000, 0x00000000d5580000)
  object space 1398272K, 56% used [0x0000000080000000,0x00000000b099bec8,0x00000000d5580000)
 Metaspace       used 59859K, capacity 63516K, committed 63744K, reserved 1103872K
  class space    used 7786K, capacity 8664K, committed 8704K, reserved 1048576K
}

