# JRE version: Java(TM) SE Runtime Environment (8.0_181-b13) (build 1.8.0_181-b13)
# Java VM: Java HotSpot(TM) 64-Bit Server VM (25.181-b13 mixed mode windows-amd64 compressed oops)
Heap:
 PSYoungGen      total 1356288K, used 472377K [0x000000076ab00000, 0x00000007c0000000, 0x00000007c0000000)
  eden space 1315328K, 33% used [0x000000076ab00000,0x0000000785c838c0,0x00000007baf80000)
  from space 40960K, 69% used [0x00000007baf80000,0x00000007bcb4ac90,0x00000007bd780000)
  to   space 39936K, 0% used [0x00000007bd900000,0x00000007bd900000,0x00000007c0000000)
 ParOldGen       total 2796544K, used 984948K [0x00000006c0000000, 0x000000076ab00000, 0x000000076ab00000)
  object space 2796544K, 35% used [0x00000006c0000000,0x00000006fc1dd030,0x000000076ab00000)
 Metaspace       used 59446K, capacity 63444K, committed 63616K, reserved 1103872K
  class space    used 7840K, capacity 8764K, committed 8832K, reserved 1048576K
GC Heap History (10 events):
Event: 86246.105 GC heap before
{Heap before GC invocations=1164 (full 3):
 PSYoungGen      total 1354240K, used 1352063K [0x000000076ab00000, 0x00000007c0000000, 0x00000007c0000000)
  eden space 1314816K, 100% used [0x000000076ab00000,0x00000007baf00000,0x00000007baf00000)
  from space 39424K, 94% used [0x00000007bd980000,0x00000007bfddfc78,0x00000007c0000000)
  to   space 41472K, 0% used [0x00000007baf00000,0x00000007baf00000,0x00000007bd780000)
 ParOldGen       total 2796544K, used 984700K [0x00000006c0000000, 0x000000076ab00000, 0x000000076ab00000)
  object space 2796544K, 35% used [0x00000006c0000000,0x00000006fc19f030,0x000000076ab00000)
 Metaspace       used 59446K, capacity 63444K, committed 63616K, reserved 1103872K
  class space    used 7840K, capacity 8764K, committed 8832K, reserved 1048576K
Event: 86246.115 GC heap after
Heap after GC invocations=1164 (full 3):
 PSYoungGen      total 1356288K, used 27659K [0x000000076ab00000, 0x00000007c0000000, 0x00000007c0000000)
  eden space 1314816K, 0% used [0x000000076ab00000,0x000000076ab00000,0x00000007baf00000)
  from space 41472K, 66% used [0x00000007baf00000,0x00000007bca02ea0,0x00000007bd780000)
  to   space 40960K, 0% used [0x00000007bd800000,0x00000007bd800000,0x00000007c0000000)
 ParOldGen       total 2796544K, used 984780K [0x00000006c0000000, 0x000000076ab00000, 0x000000076ab00000)
  object space 2796544K, 35% used [0x00000006c0000000,0x00000006fc1b3030,0x000000076ab00000)
 Metaspace       used 59446K, capacity 63444K, committed 63616K, reserved 1103872K
  class space    used 7840K, capacity 8764K, committed 8832K, reserved 1048576K
}
Event: 86261.441 GC heap before
{Heap before GC invocations=1165 (full 3):
 PSYoungGen      total 1356288K, used 1342475K [0x000000076ab00000, 0x00000007c0000000, 0x00000007c0000000)
  eden space 1314816K, 100% used [0x000000076ab00000,0x00000007baf00000,0x00000007baf00000)
  from space 41472K, 66% used [0x00000007baf00000,0x00000007bca02ea0,0x00000007bd780000)
  to   space 40960K, 0% used [0x00000007bd800000,0x00000007bd800000,0x00000007c0000000)
 ParOldGen       total 2796544K, used 984780K [0x00000006c0000000, 0x000000076ab00000, 0x000000076ab00000)
  object space 2796544K, 35% used [0x00000006c0000000,0x00000006fc1b3030,0x000000076ab00000)
 Metaspace       used 59446K, capacity 63444K, committed 63616K, reserved 1103872K
  class space    used 7840K, capacity 8764K, committed 8832K, reserved 1048576K
Event: 86261.452 GC heap after
Heap after GC invocations=1165 (full 3):
 PSYoungGen      total 1357312K, used 27653K [0x000000076ab00000, 0x00000007c0000000, 0x00000007c0000000)
  eden space 1316352K, 0% used [0x000000076ab00000,0x000000076ab00000,0x00000007bb080000)
  from space 40960K, 67% used [0x00000007bd800000,0x00000007bf301698,0x00000007c0000000)
  to   space 40448K, 0% used [0x00000007bb080000,0x00000007bb080000,0x00000007bd800000)
 ParOldGen       total 2796544K, used 984836K [0x00000006c0000000, 0x000000076ab00000, 0x000000076ab00000)
  object space 2796544K, 35% used [0x00000006c0000000,0x00000006fc1c1030,0x000000076ab00000)
 Metaspace       used 59446K, capacity 63444K, committed 63616K, reserved 1103872K
  class space    used 7840K, capacity 8764K, committed 8832K, reserved 1048576K
}
Event: 86275.187 GC heap before
{Heap before GC invocations=1166 (full 3):
 PSYoungGen      total 1357312K, used 1344005K [0x000000076ab00000, 0x00000007c0000000, 0x00000007c0000000)
  eden space 1316352K, 100% used [0x000000076ab00000,0x00000007bb080000,0x00000007bb080000)
  from space 40960K, 67% used [0x00000007bd800000,0x00000007bf301698,0x00000007c0000000)
  to   space 40448K, 0% used [0x00000007bb080000,0x00000007bb080000,0x00000007bd800000)
 ParOldGen       total 2796544K, used 984836K [0x00000006c0000000, 0x000000076ab00000, 0x000000076ab00000)
  object space 2796544K, 35% used [0x00000006c0000000,0x00000006fc1c1030,0x000000076ab00000)
 Metaspace       used 59446K, capacity 63444K, committed 63616K, reserved 1103872K
  class space    used 7840K, capacity 8764K, committed 8832K, reserved 1048576K
Event: 86275.200 GC heap after
Heap after GC invocations=1166 (full 3):
 PSYoungGen      total 1352192K, used 35493K [0x000000076ab00000, 0x00000007c0000000, 0x00000007c0000000)
  eden space 1316352K, 0% used [0x000000076ab00000,0x000000076ab00000,0x00000007bb080000)
  from space 35840K, 99% used [0x00000007bb080000,0x00000007bd329480,0x00000007bd380000)
  to   space 41472K, 0% used [0x00000007bd780000,0x00000007bd780000,0x00000007c0000000)
 ParOldGen       total 2796544K, used 984868K [0x00000006c0000000, 0x000000076ab00000, 0x000000076ab00000)
  object space 2796544K, 35% used [0x00000006c0000000,0x00000006fc1c9030,0x000000076ab00000)
 Metaspace       used 59446K, capacity 63444K, committed 63616K, reserved 1103872K
  class space    used 7840K, capacity 8764K, committed 8832K, reserved 1048576K
}
Event: 86288.993 GC heap before
{Heap before GC invocations=1167 (full 3):
 PSYoungGen      total 1352192K, used 1351845K [0x000000076ab00000, 0x00000007c0000000, 0x00000007c0000000)
  eden space 1316352K, 100% used [0x000000076ab00000,0x00000007bb080000,0x00000007bb080000)
  from space 35840K, 99% used [0x00000007bb080000,0x00000007bd329480,0x00000007bd380000)
  to   space 41472K, 0% used [0x00000007bd780000,0x00000007bd780000,0x00000007c0000000)
 ParOldGen       total 2796544K, used 984868K [0x00000006c0000000, 0x000000076ab00000, 0x000000076ab00000)
  object space 2796544K, 35% used [0x00000006c0000000,0x00000006fc1c9030,0x000000076ab00000)
 Metaspace       used 59446K, capacity 63444K, committed 63616K, reserved 1103872K
  class space    used 7840K, capacity 8764K, committed 8832K, reserved 1048576K
Event: 86289.006 GC heap after
Heap after GC invocations=1167 (full 3):
 PSYoungGen      total 1356800K, used 28325K [0x000000076ab00000, 0x00000007c0000000, 0x00000007c0000000)
  eden space 1315328K, 0% used [0x000000076ab00000,0x000000076ab00000,0x00000007baf80000)
  from space 41472K, 68% used [0x00000007bd780000,0x00000007bf3296a8,0x00000007c0000000)
  to   space 40960K, 0% used [0x00000007baf80000,0x00000007baf80000,0x00000007bd780000)
 ParOldGen       total 2796544K, used 984892K [0x00000006c0000000, 0x000000076ab00000, 0x000000076ab00000)
  object space 2796544K, 35% used [0x00000006c0000000,0x00000006fc1cf030,0x000000076ab00000)
 Metaspace       used 59446K, capacity 63444K, committed 63616K, reserved 1103872K
  class space    used 7840K, capacity 8764K, committed 8832K, reserved 1048576K
}
Event: 86303.018 GC heap before
{Heap before GC invocations=1168 (full 3):
 PSYoungGen      total 1356800K, used 1343653K [0x000000076ab00000, 0x00000007c0000000, 0x00000007c0000000)
  eden space 1315328K, 100% used [0x000000076ab00000,0x00000007baf80000,0x00000007baf80000)
  from space 41472K, 68% used [0x00000007bd780000,0x00000007bf3296a8,0x00000007c0000000)
  to   space 40960K, 0% used [0x00000007baf80000,0x00000007baf80000,0x00000007bd780000)
 ParOldGen       total 2796544K, used 984892K [0x00000006c0000000, 0x000000076ab00000, 0x000000076ab00000)
  object space 2796544K, 35% used [0x00000006c0000000,0x00000006fc1cf030,0x000000076ab00000)
 Metaspace       used 59446K, capacity 63444K, committed 63616K, reserved 1103872K
  class space    used 7840K, capacity 8764K, committed 8832K, reserved 1048576K
Event: 86303.030 GC heap after
Heap after GC invocations=1168 (full 3):
 PSYoungGen      total 1356288K, used 28459K [0x000000076ab00000, 0x00000007c0000000, 0x00000007c0000000)
  eden space 1315328K, 0% used [0x000000076ab00000,0x000000076ab00000,0x00000007baf80000)
  from space 40960K, 69% used [0x00000007baf80000,0x00000007bcb4ac90,0x00000007bd780000)
  to   space 39936K, 0% used [0x00000007bd900000,0x00000007bd900000,0x00000007c0000000)
 ParOldGen       total 2796544K, used 984948K [0x00000006c0000000, 0x000000076ab00000, 0x000000076ab00000)
  object space 2796544K, 35% used [0x00000006c0000000,0x00000006fc1dd030,0x000000076ab00000)
 Metaspace       used 59446K, capacity 63444K, committed 63616K, reserved 1103872K
  class space    used 7840K, capacity 8764K, committed 8832K, reserved 1048576K
}

